<?xml version="1.0" encoding="UTF-8"?>
<!-- Generated by org.testng.reporters.JUnitReportReporter -->
<testsuite skipped="0" hostname="HomePC" name="Testscripts.invokebrowser" tests="1" failures="0" timestamp="18 Nov 2019 18:12:54 GMT" time="5.030" errors="0">
  <testcase name="test" time="5.030" classname="Testscripts.invokebrowser"/>
</testsuite> <!-- Testscripts.invokebrowser -->
