<?xml version="1.0" encoding="UTF-8"?>
<!-- Generated by org.testng.reporters.JUnitReportReporter -->
<testsuite skipped="0" hostname="HomePC" name="Testscripts.invokebrowser" tests="1" failures="0" timestamp="23 Aug 2019 15:16:45 GMT" time="6.516" errors="0">
  <testcase name="test" time="6.516" classname="Testscripts.invokebrowser"/>
</testsuite> <!-- Testscripts.invokebrowser -->
