<?xml version="1.0" encoding="UTF-8"?>
<!-- Generated by org.testng.reporters.JUnitReportReporter -->
<testsuite skipped="0" hostname="HomePC" name="Testscripts.invokebrowser" tests="1" failures="0" timestamp="23 Aug 2019 16:35:09 GMT" time="5.929" errors="0">
  <testcase name="test" time="5.929" classname="Testscripts.invokebrowser"/>
</testsuite> <!-- Testscripts.invokebrowser -->
