<?xml version="1.0" encoding="UTF-8"?>
<!-- Generated by org.testng.reporters.JUnitReportReporter -->
<testsuite skipped="0" hostname="HomePC" name="Testscripts.orangehrm" tests="1" failures="0" timestamp="23 Aug 2019 16:23:36 GMT" time="12.783" errors="0">
  <testcase name="test2" time="12.783" classname="Testscripts.orangehrm"/>
</testsuite> <!-- Testscripts.orangehrm -->
