<?xml version="1.0" encoding="UTF-8"?>
<!-- Generated by org.testng.reporters.JUnitReportReporter -->
<testsuite skipped="0" hostname="HomePC" name="Testscripts.invokebrowser" tests="1" failures="0" timestamp="18 Nov 2019 17:23:34 GMT" time="6.559" errors="0">
  <testcase name="test" time="6.559" classname="Testscripts.invokebrowser"/>
</testsuite> <!-- Testscripts.invokebrowser -->
